<?xml version="1.0" encoding="utf-8"?><testsuites name="pytest tests"><testsuite name="pytest" errors="0" failures="0" skipped="0" tests="27" time="24.357" timestamp="2026-04-27T02:35:14.022106+00:00" hostname="2a5927854795"><testcase classname="tests.test_api" name="test_health_endpoint_returns_stage2_stats" time="0.067" /><testcase classname="tests.test_api" name="test_chat_endpoint_generates_session_id_when_missing" time="0.072" /><testcase classname="tests.test_api" name="test_stream_chat_endpoint_emits_sse_events" time="0.068" /><testcase classname="tests.test_api" name="test_upload_endpoints_round_trip_records" time="0.070" /><testcase classname="tests.test_api" name="test_mcp_tool_catalog_and_invoke_endpoint" time="0.040" /><testcase classname="tests.test_api" name="test_upload_endpoint_maps_pdf_validation_error_to_400" time="0.035" /><testcase classname="tests.test_api" name="test_chat_endpoint_maps_upstream_rate_limit_to_429" time="0.046" /><testcase classname="tests.test_document_loader" name="test_flatten_json_preserves_nested_paths" time="0.001" /><testcase classname="tests.test_document_loader" name="test_extract_pdf_text_reads_text_based_pdf" time="0.009" /><testcase classname="tests.test_document_loader" name="test_load_documents_reads_supported_types_from_multiple_sources" time="0.046" /><testcase classname="tests.test_document_loader" name="test_load_documents_skips_unreadable_or_empty_static_pdfs" time="0.020" /><testcase classname="tests.test_document_loader" name="test_fingerprint_changes_when_source_changes" time="0.013" /><testcase classname="tests.test_rag_service" name="test_build_embeddings_uses_local_provider_by_default" time="0.011" /><testcase classname="tests.test_rag_service" name="test_build_embeddings_uses_openai_provider_when_requested" time="0.013" /><testcase classname="tests.test_rag_service" name="test_embedding_signature_tracks_local_model_settings" time="0.012" /><testcase classname="tests.test_rag_service" name="test_embedding_signature_tracks_openai_embedding_settings" time="0.014" /><testcase classname="tests.test_rag_service" name="test_strip_reasoning_blocks_removes_think_and_logs" time="0.013" /><testcase classname="tests.test_rag_service" name="test_chat_uses_redis_cache_for_repeat_calls" time="0.028" /><testcase classname="tests.test_rag_service" name="test_upload_operations_refresh_index" time="0.015" /><testcase classname="tests.test_rag_service" name="test_stage3_tool_catalog_and_direct_tool_invoke" time="0.018" /><testcase classname="tests.test_rag_service" name="test_chat_routes_operational_question_to_runtime_tools" time="0.023" /><testcase classname="tests.test_redis_store" name="test_redis_store_round_trips_messages" time="0.012" /><testcase classname="tests.test_redis_store" name="test_redis_store_caches_answers" time="0.006" /><testcase classname="tests.test_upload_store" name="test_upload_store_create_replace_delete" time="0.019" /><testcase classname="tests.test_upload_store" name="test_upload_store_accepts_text_pdf" time="0.013" /><testcase classname="tests.test_upload_store" name="test_upload_store_rejects_unextractable_pdf" time="0.010" /><testcase classname="tests.test_upload_store" name="test_upload_store_rejects_unsupported_suffix" time="0.007" /></testsuite></testsuites>