<?xml version="1.0" encoding="utf-8"?><testsuites name="pytest tests"><testsuite name="pytest" errors="0" failures="0" skipped="0" tests="24" time="14.925" timestamp="2026-04-24T10:44:27.950857+08:00" hostname="Mlj"><testcase classname="tests.test_api" name="test_health_endpoint_returns_stage2_stats" time="0.034" /><testcase classname="tests.test_api" name="test_chat_endpoint_generates_session_id_when_missing" time="0.034" /><testcase classname="tests.test_api" name="test_stream_chat_endpoint_emits_sse_events" time="0.024" /><testcase classname="tests.test_api" name="test_upload_endpoints_round_trip_records" time="0.035" /><testcase classname="tests.test_api" name="test_upload_endpoint_maps_pdf_validation_error_to_400" time="0.025" /><testcase classname="tests.test_api" name="test_chat_endpoint_maps_upstream_rate_limit_to_429" time="0.024" /><testcase classname="tests.test_document_loader" name="test_flatten_json_preserves_nested_paths" time="0.001" /><testcase classname="tests.test_document_loader" name="test_extract_pdf_text_reads_text_based_pdf" time="0.003" /><testcase classname="tests.test_document_loader" name="test_load_documents_reads_supported_types_from_multiple_sources" time="0.025" /><testcase classname="tests.test_document_loader" name="test_load_documents_skips_unreadable_or_empty_static_pdfs" time="0.016" /><testcase classname="tests.test_document_loader" name="test_fingerprint_changes_when_source_changes" time="0.016" /><testcase classname="tests.test_rag_service" name="test_build_embeddings_uses_local_provider_by_default" time="0.008" /><testcase classname="tests.test_rag_service" name="test_build_embeddings_uses_openai_provider_when_requested" time="0.007" /><testcase classname="tests.test_rag_service" name="test_embedding_signature_tracks_local_model_settings" time="0.007" /><testcase classname="tests.test_rag_service" name="test_embedding_signature_tracks_openai_embedding_settings" time="0.007" /><testcase classname="tests.test_rag_service" name="test_strip_reasoning_blocks_removes_think_and_logs" time="0.008" /><testcase classname="tests.test_rag_service" name="test_chat_uses_redis_cache_for_repeat_calls" time="0.015" /><testcase classname="tests.test_rag_service" name="test_upload_operations_refresh_index" time="0.039" /><testcase classname="tests.test_redis_store" name="test_redis_store_round_trips_messages" time="0.003" /><testcase classname="tests.test_redis_store" name="test_redis_store_caches_answers" time="0.003" /><testcase classname="tests.test_upload_store" name="test_upload_store_create_replace_delete" time="0.044" /><testcase classname="tests.test_upload_store" name="test_upload_store_accepts_text_pdf" time="0.011" /><testcase classname="tests.test_upload_store" name="test_upload_store_rejects_unextractable_pdf" time="0.009" /><testcase classname="tests.test_upload_store" name="test_upload_store_rejects_unsupported_suffix" time="0.008" /></testsuite></testsuites>